<?xml version="1.0" encoding="UTF-8"?>
<testsuite name="finalprojectB.UrlValidatorTest" time="0.056" tests="4" errors="1" skipped="0" failures="0">
  <properties>
[...]
</properties>
  <testcase name="testManualTest" classname="finalprojectB.UrlValidatorTest" time="0.003"/>
  <testcase name="testYourSecondPartition" classname="finalprojectB.UrlValidatorTest" time="0.001"/>
  <testcase name="testYourFirstPartition" classname="finalprojectB.UrlValidatorTest" time="0.052">
    <error type="java.lang.ExceptionInInitializerError:"><![CDATA[java.lang.ExceptionInInitializerError: null
	at finalprojectB.RegexValidator.<init>(RegexValidator.java:121)
	at finalprojectB.RegexValidator.<init>(RegexValidator.java:96)
	at finalprojectB.RegexValidator.<init>(RegexValidator.java:83)
	at finalprojectB.DomainValidator.<init>(DomainValidator.java:107)
	at finalprojectB.DomainValidator.<clinit>(DomainValidator.java:96)
	at finalprojectB.UrlValidator.isValidAuthority(UrlValidator.java:393)
	at finalprojectB.UrlValidator.isValid(UrlValidator.java:327)
	at finalprojectB.UrlValidatorTest.testYourFirstPartition(UrlValidatorTest.java:36)
]]></error>
  </testcase>
  <testcase name="testIsValid" classname="finalprojectB.UrlValidatorTest" time="0"/>
</testsuite>