GROUP,PACKAGE,CLASS,INSTRUCTION_MISSED,INSTRUCTION_COVERED,BRANCH_MISSED,BRANCH_COVERED,LINE_MISSED,LINE_COVERED,COMPLEXITY_MISSED,COMPLEXITY_COVERED,METHOD_MISSED,METHOD_COVERED
Calendar,calendar,DateOutOfRangeException,7,0,0,0,4,0,2,0,2,0
Calendar,calendar,CalendarMain,357,0,4,0,76,0,4,0,2,0
Calendar,calendar,XmlParserErrorHandler,76,3,2,0,13,1,5,1,4,1
Calendar,calendar,Appt,34,335,17,27,9,90,17,41,0,36
Calendar,calendar,CalDay,21,335,11,17,7,69,12,18,1,15
Calendar,calendar,DataHandler,154,831,22,58,37,223,22,35,0,16
Calendar,calendar,CalendarUtil,20,71,7,3,6,7,6,3,1,3
